<?xml version="1.0" encoding="UTF-8"?>
<!-- Generated by org.testng.reporters.JUnitReportReporter -->
<testsuite skipped="0" hostname="DESKTOP-O4L6FRN" name="com.actiTime.testCases.CutomerTest" tests="3" failures="0" timestamp="30 May 2018 11:40:53 GMT" time="12.558" errors="0">
  <testcase name="modifyCustomerTest" time="4.224" classname="com.actiTime.testCases.CutomerTest"/>
  <testcase name="deleteCustomerTest" time="3.383" classname="com.actiTime.testCases.CutomerTest"/>
  <testcase name="createCustomerTest" time="4.951" classname="com.actiTime.testCases.CutomerTest"/>
</testsuite> <!-- com.actiTime.testCases.CutomerTest -->
