<?xml version="1.0" encoding="UTF-8"?>
<!-- Generated by org.testng.reporters.JUnitReportReporter -->
<testsuite skipped="0" hostname="DESKTOP-O4L6FRN" name="com.actiTime.customerTest.Customer1Test" tests="1" failures="0" timestamp="06 Jun 2018 12:29:17 GMT" time="5.217" errors="0">
  <testcase name="createCustomerTest" time="5.217" classname="com.actiTime.customerTest.Customer1Test"/>
</testsuite> <!-- com.actiTime.customerTest.Customer1Test -->
