<?xml version="1.0" encoding="UTF-8"?>
<!-- Generated by org.testng.reporters.JUnitReportReporter -->
<testsuite skipped="0" hostname="DESKTOP-O4L6FRN" name="com.practiceActiTime.testcase.ScreenshotExampleTest" tests="1" failures="0" timestamp="01 Jun 2018 09:17:30 GMT" time="0.171" errors="0">
  <testcase name="ScreenshotTest" time="0.171" classname="com.practiceActiTime.testcase.ScreenshotExampleTest"/>
</testsuite> <!-- com.practiceActiTime.testcase.ScreenshotExampleTest -->
