<?xml version="1.0" encoding="UTF-8"?>
<!-- Generated by org.testng.reporters.JUnitReportReporter -->
<testsuite skipped="0" hostname="DESKTOP-O4L6FRN" name="com.actiTime.testcase.ActiTimeLoginTest" tests="1" failures="0" timestamp="28 May 2018 16:44:39 GMT" time="14.774" errors="0">
  <testcase name="LoginTest" time="14.774" classname="com.actiTime.testcase.ActiTimeLoginTest"/>
</testsuite> <!-- com.actiTime.testcase.ActiTimeLoginTest -->
